[debug] [2020-02-23T04:13:11.382Z] ----------------------------------------------------------------------
[debug] [2020-02-23T04:13:11.387Z] Command:       /usr/local/bin/node /Users/kobayashitoshifumi/.npm-global/bin/firebase deploy --only functions:gitHook
[debug] [2020-02-23T04:13:11.387Z] CLI Version:   7.13.1
[debug] [2020-02-23T04:13:11.387Z] Platform:      darwin
[debug] [2020-02-23T04:13:11.387Z] Node Version:  v12.14.1
[debug] [2020-02-23T04:13:11.390Z] Time:          Sun Feb 23 2020 13:13:11 GMT+0900 (GMT+09:00)
[debug] [2020-02-23T04:13:11.390Z] ----------------------------------------------------------------------
[debug] [2020-02-23T04:13:11.390Z] 
[debug] [2020-02-23T04:13:11.417Z] > command requires scopes: ["email","openid","https://www.googleapis.com/auth/cloudplatformprojects.readonly","https://www.googleapis.com/auth/firebase","https://www.googleapis.com/auth/cloud-platform"]
[debug] [2020-02-23T04:13:11.418Z] > authorizing via signed-in user
[debug] [2020-02-23T04:13:11.418Z] [iam] checking project tk-gitpet for permissions ["cloudfunctions.functions.create","cloudfunctions.functions.delete","cloudfunctions.functions.get","cloudfunctions.functions.list","cloudfunctions.functions.update","cloudfunctions.operations.get","firebase.projects.get"]
[debug] [2020-02-23T04:13:11.421Z] >>> HTTP REQUEST POST https://cloudresourcemanager.googleapis.com/v1/projects/tk-gitpet:testIamPermissions  

[debug] [2020-02-23T04:13:12.324Z] <<< HTTP RESPONSE 200
[info] 
[info] === Deploying to 'tk-gitpet'...
[info] 
[info] i  deploying functions
[info] Running command: npm --prefix "$RESOURCE_DIR" run lint
[info] Running command: npm --prefix "$RESOURCE_DIR" run build
[info] ✔  functions: Finished running predeploy script.
[debug] [2020-02-23T04:13:23.189Z] > [functions] package.json contents: {
  "name": "functions",
  "scripts": {
    "lint": "tslint --project tsconfig.json",
    "build": "tsc",
    "serve": "npm run build && firebase serve --only functions",
    "shell": "npm run build && firebase functions:shell",
    "start": "npm run shell",
    "deploy": "firebase deploy --only functions",
    "logs": "firebase functions:log"
  },
  "engines": {
    "node": "8"
  },
  "main": "lib/index.js",
  "dependencies": {
    "firebase-admin": "^8.6.0",
    "firebase-functions": "^3.3.0"
  },
  "devDependencies": {
    "tslint": "^5.12.0",
    "typescript": "^3.2.2",
    "firebase-functions-test": "^0.1.6"
  },
  "private": true
}
[info] i  functions: ensuring necessary APIs are enabled...
[debug] [2020-02-23T04:13:23.190Z] >>> HTTP REQUEST GET https://serviceusage.googleapis.com/v1/projects/tk-gitpet/services/cloudfunctions.googleapis.com  
 
[debug] [2020-02-23T04:13:23.191Z] >>> HTTP REQUEST GET https://serviceusage.googleapis.com/v1/projects/tk-gitpet/services/runtimeconfig.googleapis.com  
 
[debug] [2020-02-23T04:13:24.320Z] <<< HTTP RESPONSE 200
[debug] [2020-02-23T04:13:24.339Z] <<< HTTP RESPONSE 200
[info] ✔  functions: all necessary APIs are enabled
[debug] [2020-02-23T04:13:24.341Z] >>> HTTP REQUEST GET https://firebase.googleapis.com/v1beta1/projects/tk-gitpet/adminSdkConfig  
 
[debug] [2020-02-23T04:13:24.816Z] <<< HTTP RESPONSE 200
[info] i  functions: preparing functions directory for uploading...
[debug] [2020-02-23T04:13:24.821Z] >>> HTTP REQUEST GET https://runtimeconfig.googleapis.com/v1beta1/projects/tk-gitpet/configs  
 
[debug] [2020-02-23T04:13:25.890Z] <<< HTTP RESPONSE 200
[info] i  functions: packaged functions (35.88 KB) for uploading
[debug] [2020-02-23T04:13:26.237Z] >>> HTTP REQUEST POST https://cloudfunctions.googleapis.com/v1/projects/tk-gitpet/locations/us-central1/functions:generateUploadUrl  
 
[debug] [2020-02-23T04:13:26.998Z] <<< HTTP RESPONSE 200
[debug] [2020-02-23T04:13:26.999Z] >>> HTTP REQUEST PUT https://storage.googleapis.com/gcf-upload-us-central1-81d3e5bf-a6c4-477b-942d-771e330658b1/565936b5-8037-419f-92f1-3a9d63211ff3.zip?GoogleAccessId=service-67737212396@gcf-admin-robot.iam.gserviceaccount.com&Expires=1582433006&Signature=izJFRgkkfWqL%2BooTLfVtRbTCbu2vLi5gtHC2wDh6pRTqV6ieZ1QYp71weFFxtYWrYkHLa9HY8A2litW1%2BJe9MN%2FZzaomPxSCEo2knGe2lKLWW%2FfVktfa3i%2F7QCm3RJOycqXSch5JSwtCPeQ%2BGda7CmYI3lSUvj4h1KSnTBuIKw7MkXMa8Zk9%2FOnX40ZLXy2d%2BsC0p2s07fQY35xRjJUVbB5A%2Bt3ISjxDYqAUxKKfvmB39LR74J%2B6UAdSctb%2Bsn8NSVwa0AUvp7oLhxd48ztYP1jVJi7fFrUfFCRbCLgmAybc%2BPvYi4e4Vq7JtmluuZuP%2BQHTzNFzDTUKl2HqpmJsyQ%3D%3D  
 <request body omitted>
[debug] [2020-02-23T04:13:27.473Z] <<< HTTP RESPONSE 200
[info] ✔  functions: functions folder uploaded successfully
[debug] [2020-02-23T04:13:27.477Z] >>> HTTP REQUEST GET https://cloudfunctions.googleapis.com/v1/projects/tk-gitpet/locations/-/functions  
 
[debug] [2020-02-23T04:13:27.985Z] <<< HTTP RESPONSE 200
[debug] [2020-02-23T04:13:27.988Z] > [functions] filtering triggers to: [
  "projects/tk-gitpet/locations/us-central1/functions/gitHook"
]
[info] i  functions: current functions in project: gitHook(us-central1)
[info] i  functions: uploading functions in project: gitHook(us-central1)
[info] i  functions: updating Node.js 8 function gitHook(us-central1)...
[debug] [2020-02-23T04:13:27.994Z] Trigger is:  {"httpsTrigger":{}}
[debug] [2020-02-23T04:13:27.995Z] >>> HTTP REQUEST GET https://serviceusage.googleapis.com/v1/projects/tk-gitpet/services/cloudscheduler.googleapis.com  
 
[debug] [2020-02-23T04:13:29.003Z] <<< HTTP RESPONSE 200
[debug] [2020-02-23T04:13:29.005Z] >>> HTTP REQUEST PATCH https://cloudfunctions.googleapis.com/v1/projects/tk-gitpet/locations/us-central1/functions/gitHook {"updateMask":"sourceUploadUrl,name,labels,runtime,httpsTrigger"} 

[debug] [2020-02-23T04:13:29.524Z] <<< HTTP RESPONSE 200
[debug] [2020-02-23T04:13:29.530Z] >>> HTTP REQUEST GET https://cloudfunctions.googleapis.com/v1/projects/tk-gitpet/locations/-/functions  
 
[debug] [2020-02-23T04:13:31.057Z] <<< HTTP RESPONSE 200
[debug] [2020-02-23T04:13:31.058Z] >>> HTTP REQUEST GET https://cloudfunctions.googleapis.com/v1/operations/dGstZ2l0cGV0L3VzLWNlbnRyYWwxL2dpdEhvb2svWkJJS21mX2RDYVU  
 
[debug] [2020-02-23T04:13:31.370Z] <<< HTTP RESPONSE 200
